<testsuites>
    <testsuite name="www.soapiff.com_Execution#2" time="333" tests="6" failures="0" timestamp = "2015-04-12 22:21:57">
        <testcase name="Linux_Chrome_40" status="0" time="28">
            <system-out>
----------------------------
Step-0 
Command: open 
Target: / 
Value:  
Duration: 6 
Result: Passed 
----------------------------
Step-1 
Command: open 
Target: /index.html 
Value:  
Duration: 5 
Result: Passed 
            </system-out>
        </testcase>
        <testcase name="Linux_Firefox_35" status="0" time="33">
            <system-out>
----------------------------
Step-0 
Command: open 
Target: / 
Value:  
Duration: 5 
Result: Passed 
----------------------------
Step-1 
Command: open 
Target: /index.html 
Value:  
Duration: 5 
Result: Passed 
            </system-out>
        </testcase>
        <testcase name="Windows_Safari_5" status="0" time="67">
            <system-out>
----------------------------
Step-0 
Command: open 
Target: / 
Value:  
Duration: 39 
Result: Passed 
----------------------------
Step-1 
Command: open 
Target: /index.html 
Value:  
Duration: 7 
Result: Passed 
            </system-out>
        </testcase>
        <testcase name="Windows_Internet Explorer_11" status="0" time="50">
            <system-out>
----------------------------
Step-0 
Command: open 
Target: / 
Value:  
Duration: 5 
Result: Passed 
----------------------------
Step-1 
Command: open 
Target: /index.html 
Value:  
Duration: 5 
Result: Passed 
            </system-out>
        </testcase>
        <testcase name="Windows_Chrome_40" status="0" time="74">
            <system-out>
----------------------------
Step-0 
Command: open 
Target: / 
Value:  
Duration: 11 
Result: Passed 
----------------------------
Step-1 
Command: open 
Target: /index.html 
Value:  
Duration: 7 
Result: Passed 
            </system-out>
        </testcase>
        <testcase name="Windows_Firefox_35" status="0" time="81">
            <system-out>
----------------------------
Step-0 
Command: open 
Target: / 
Value:  
Duration: 9 
Result: Passed 
----------------------------
Step-1 
Command: open 
Target: /index.html 
Value:  
Duration: 8 
Result: Passed 
            </system-out>
        </testcase>
    </testsuite>
</testsuites>
